2023-11-28 10:03:42,334 INFO o.a.j.u.JMeterUtils: Setting Locale to en_EN
2023-11-28 10:03:42,350 INFO o.a.j.JMeter: Loading user properties from: C:\Users\Vitalii\Downloads\apache-jmeter-5.6.2\apache-jmeter-5.6.2\bin\user.properties
2023-11-28 10:03:42,350 INFO o.a.j.JMeter: Loading system properties from: C:\Users\Vitalii\Downloads\apache-jmeter-5.6.2\apache-jmeter-5.6.2\bin\system.properties
2023-11-28 10:03:42,366 INFO o.a.j.JMeter: Copyright (c) 1998-2023 The Apache Software Foundation
2023-11-28 10:03:42,366 INFO o.a.j.JMeter: Version 5.6.2
2023-11-28 10:03:42,366 INFO o.a.j.JMeter: java.version=1.8.0_371
2023-11-28 10:03:42,366 INFO o.a.j.JMeter: java.vm.name=Java HotSpot(TM) 64-Bit Server VM
2023-11-28 10:03:42,366 INFO o.a.j.JMeter: os.name=Windows 10
2023-11-28 10:03:42,366 INFO o.a.j.JMeter: os.arch=amd64
2023-11-28 10:03:42,366 INFO o.a.j.JMeter: os.version=10.0
2023-11-28 10:03:42,366 INFO o.a.j.JMeter: file.encoding=Cp1251
2023-11-28 10:03:42,366 INFO o.a.j.JMeter: java.awt.headless=true
2023-11-28 10:03:42,366 INFO o.a.j.JMeter: Max memory     =1073741824
2023-11-28 10:03:42,366 INFO o.a.j.JMeter: Available Processors =4
2023-11-28 10:03:42,381 INFO o.a.j.JMeter: Default Locale=English (EN)
2023-11-28 10:03:42,381 INFO o.a.j.JMeter: JMeter  Locale=English (EN)
2023-11-28 10:03:42,381 INFO o.a.j.JMeter: JMeterHome=C:\Users\Vitalii\Downloads\apache-jmeter-5.6.2\apache-jmeter-5.6.2
2023-11-28 10:03:42,381 INFO o.a.j.JMeter: user.dir  =C:\Users\Vitalii\Downloads\apache-jmeter-5.6.2\apache-jmeter-5.6.2\TESTS
2023-11-28 10:03:42,381 INFO o.a.j.JMeter: PWD       =C:\Users\Vitalii\Downloads\apache-jmeter-5.6.2\apache-jmeter-5.6.2\TESTS
2023-11-28 10:03:46,897 INFO o.a.j.JMeter: IP: 192.168.56.1 Name: DESKTOP-K62CQ99 FullName: DESKTOP-K62CQ99
2023-11-28 10:03:46,928 INFO o.a.j.JMeter: Setting property 'jmeter.reportgenerator.outputdir' to:'C:\Users\Vitalii\Downloads\apache-jmeter-5.6.2\apache-jmeter-5.6.2\TESTS\.\RESULT-100'
2023-11-28 10:03:46,928 INFO o.a.j.s.FileServer: Default base='C:\Users\Vitalii\Downloads\apache-jmeter-5.6.2\apache-jmeter-5.6.2\TESTS'
2023-11-28 10:03:46,928 INFO o.a.j.s.FileServer: Set new base='C:\Users\Vitalii\Downloads\apache-jmeter-5.6.2\apache-jmeter-5.6.2\TESTS\.'
2023-11-28 10:03:47,209 INFO o.a.j.s.SaveService: Testplan (JMX) version: 2.2. Testlog (JTL) version: 2.2
2023-11-28 10:03:47,272 INFO o.a.j.s.SaveService: Using SaveService properties file encoding UTF-8
2023-11-28 10:03:47,287 INFO o.a.j.s.SaveService: Using SaveService properties version 5.0
2023-11-28 10:03:47,303 INFO o.a.j.s.SaveService: Loading file: .\dell_load_test_100.jmx
2023-11-28 10:03:47,491 INFO o.a.j.p.h.s.HTTPSamplerBase: Parser for text/html is org.apache.jmeter.protocol.http.parser.LagartoBasedHtmlParser
2023-11-28 10:03:47,491 INFO o.a.j.p.h.s.HTTPSamplerBase: Parser for application/xhtml+xml is org.apache.jmeter.protocol.http.parser.LagartoBasedHtmlParser
2023-11-28 10:03:47,491 INFO o.a.j.p.h.s.HTTPSamplerBase: Parser for application/xml is org.apache.jmeter.protocol.http.parser.LagartoBasedHtmlParser
2023-11-28 10:03:47,491 INFO o.a.j.p.h.s.HTTPSamplerBase: Parser for text/xml is org.apache.jmeter.protocol.http.parser.LagartoBasedHtmlParser
2023-11-28 10:03:47,491 INFO o.a.j.p.h.s.HTTPSamplerBase: Parser for text/vnd.wap.wml is org.apache.jmeter.protocol.http.parser.RegexpHTMLParser
2023-11-28 10:03:47,491 INFO o.a.j.p.h.s.HTTPSamplerBase: Parser for text/css is org.apache.jmeter.protocol.http.parser.CssParser
2023-11-28 10:03:48,069 INFO o.a.j.JMeter: Creating summariser <summary>
2023-11-28 10:03:48,069 INFO o.a.j.r.d.ReportGenerator: ReportGenerator will use for Parsing the separator: ','
2023-11-28 10:03:48,069 INFO o.a.j.r.d.ReportGenerator: Will generate report at end of test from  results file: log-100.jtl
2023-11-28 10:03:48,069 INFO o.a.j.r.d.ReportGenerator: Reading report generator properties from: C:\Users\Vitalii\Downloads\apache-jmeter-5.6.2\apache-jmeter-5.6.2\bin\reportgenerator.properties
2023-11-28 10:03:48,084 INFO o.a.j.r.d.ReportGenerator: Merging with JMeter properties
2023-11-28 10:03:48,084 INFO o.a.j.r.c.ReportGeneratorConfiguration: Property 'jmeter.reportgenerator.temp_dir' not found, using default value 'temp' instead.
2023-11-28 10:03:48,100 INFO o.a.j.r.c.ReportGeneratorConfiguration: Property 'jmeter.reportgenerator.apdex_per_transaction' not found, using default value 'null' instead.
2023-11-28 10:03:48,100 INFO o.a.j.r.c.ReportGeneratorConfiguration: apdex_per_transaction is empty, not APDEX per transaction customization
2023-11-28 10:03:48,100 INFO o.a.j.r.c.ReportGeneratorConfiguration: Property 'jmeter.reportgenerator.sample_filter' not found, using default value 'null' instead.
2023-11-28 10:03:48,100 INFO o.a.j.r.c.ReportGeneratorConfiguration: Property 'jmeter.reportgenerator.report_title' not found, using default value 'null' instead.
2023-11-28 10:03:48,100 INFO o.a.j.r.c.ReportGeneratorConfiguration: Property 'jmeter.reportgenerator.start_date' not found, using default value 'null' instead.
2023-11-28 10:03:48,100 INFO o.a.j.r.c.ReportGeneratorConfiguration: Property 'jmeter.reportgenerator.end_date' not found, using default value 'null' instead.
2023-11-28 10:03:48,100 INFO o.a.j.r.c.ReportGeneratorConfiguration: Property 'jmeter.reportgenerator.date_format' not found, using default value 'null' instead.
2023-11-28 10:03:48,100 INFO o.a.j.r.c.ReportGeneratorConfiguration: Will use date range start date: null, end date: null
2023-11-28 10:03:48,100 INFO o.a.j.r.c.ReportGeneratorConfiguration: Property 'jmeter.reportgenerator.graph.totalTPS.exclude_controllers' not found, using default value 'false' instead.
2023-11-28 10:03:48,100 INFO o.a.j.r.c.ReportGeneratorConfiguration: Property 'jmeter.reportgenerator.graph.activeThreadsOverTime.exclude_controllers' not found, using default value 'false' instead.
2023-11-28 10:03:48,100 INFO o.a.j.r.c.ReportGeneratorConfiguration: Property 'jmeter.reportgenerator.graph.timeVsThreads.exclude_controllers' not found, using default value 'false' instead.
2023-11-28 10:03:48,100 INFO o.a.j.r.c.ReportGeneratorConfiguration: Property 'jmeter.reportgenerator.graph.responseTimeDistribution.exclude_controllers' not found, using default value 'false' instead.
2023-11-28 10:03:48,116 INFO o.a.j.r.c.ReportGeneratorConfiguration: Property 'jmeter.reportgenerator.graph.transactionsPerSecond.exclude_controllers' not found, using default value 'false' instead.
2023-11-28 10:03:48,116 INFO o.a.j.r.c.ReportGeneratorConfiguration: Property 'jmeter.reportgenerator.graph.responseTimePercentiles.exclude_controllers' not found, using default value 'false' instead.
2023-11-28 10:03:48,116 INFO o.a.j.r.c.ReportGeneratorConfiguration: Property 'jmeter.reportgenerator.graph.responseTimePercentilesOverTime.exclude_controllers' not found, using default value 'false' instead.
2023-11-28 10:03:48,116 INFO o.a.j.r.c.ReportGeneratorConfiguration: Property 'jmeter.reportgenerator.graph.responseTimesOverTime.exclude_controllers' not found, using default value 'false' instead.
2023-11-28 10:03:48,116 INFO o.a.j.r.c.ReportGeneratorConfiguration: Property 'jmeter.reportgenerator.graph.connectTimeOverTime.exclude_controllers' not found, using default value 'false' instead.
2023-11-28 10:03:48,116 INFO o.a.j.r.c.ReportGeneratorConfiguration: Property 'jmeter.reportgenerator.graph.latenciesOverTime.exclude_controllers' not found, using default value 'false' instead.
2023-11-28 10:03:48,116 INFO o.a.j.r.c.ReportGeneratorConfiguration: Property 'jmeter.reportgenerator.exporter.json.filters_only_sample_series' not found, using default value 'true' instead.
2023-11-28 10:03:48,116 INFO o.a.j.r.c.ReportGeneratorConfiguration: Property 'jmeter.reportgenerator.exporter.json.series_filter' not found, using default value '' instead.
2023-11-28 10:03:48,116 INFO o.a.j.r.c.ReportGeneratorConfiguration: Property 'jmeter.reportgenerator.exporter.json.show_controllers_only' not found, using default value 'false' instead.
2023-11-28 10:03:48,116 INFO o.a.j.r.c.ReportGeneratorConfiguration: Property 'jmeter.reportgenerator.exporter.html.filters_only_sample_series' not found, using default value 'true' instead.
2023-11-28 10:03:48,116 INFO o.a.j.r.c.ReportGeneratorConfiguration: Property 'jmeter.reportgenerator.exporter.html.series_filter' not found, using default value '' instead.
2023-11-28 10:03:48,116 INFO o.a.j.r.c.ReportGeneratorConfiguration: Property 'jmeter.reportgenerator.exporter.html.show_controllers_only' not found, using default value 'false' instead.
2023-11-28 10:03:48,162 INFO o.a.j.e.StandardJMeterEngine: Running the test!
2023-11-28 10:03:48,162 INFO o.a.j.s.SampleEvent: List of sample_variables: []
2023-11-28 10:03:48,162 INFO o.a.j.s.SampleEvent: List of sample_variables: []
2023-11-28 10:03:48,178 INFO o.a.j.e.u.CompoundVariable: Note: Function class names must contain the string: '.functions.'
2023-11-28 10:03:48,178 INFO o.a.j.e.u.CompoundVariable: Note: Function class names must not contain the string: '.gui.'
2023-11-28 10:03:48,975 INFO o.a.j.JMeter: Running test (1701158628975)
2023-11-28 10:03:49,053 INFO o.a.j.e.StandardJMeterEngine: Starting ThreadGroup: 1 : Thread Group
2023-11-28 10:03:49,053 INFO o.a.j.e.StandardJMeterEngine: Starting 100 threads for group Thread Group.
2023-11-28 10:03:49,053 INFO o.a.j.e.StandardJMeterEngine: Thread will continue on error
2023-11-28 10:03:49,053 INFO o.a.j.t.ThreadGroup: Starting thread group... number=1 threads=100 ramp-up=10 delayedStart=false
2023-11-28 10:03:49,116 INFO o.a.j.t.JMeterThread: Thread started: Thread Group 1-1
2023-11-28 10:03:49,208 INFO o.a.j.p.h.s.HTTPHCAbstractImpl: Local host = DESKTOP-K62CQ99
2023-11-28 10:03:49,222 INFO o.a.j.t.ThreadGroup: Started thread group number 1
2023-11-28 10:03:49,223 INFO o.a.j.e.StandardJMeterEngine: All thread groups have been started
2023-11-28 10:03:49,236 INFO o.a.j.p.h.s.HTTPHC4Impl: HTTP request retry count = 0
2023-11-28 10:03:49,240 INFO o.a.j.s.SampleResult: Note: Sample TimeStamps are START times
2023-11-28 10:03:49,240 INFO o.a.j.s.SampleResult: sampleresult.default.encoding is set to UTF-8
2023-11-28 10:03:49,240 INFO o.a.j.s.SampleResult: sampleresult.useNanoTime=true
2023-11-28 10:03:49,240 INFO o.a.j.s.SampleResult: sampleresult.nanoThreadSleep=5000
2023-11-28 10:03:49,275 INFO o.a.j.t.JMeterThread: Thread started: Thread Group 1-2
2023-11-28 10:03:49,332 INFO o.a.j.t.JMeterThread: Thread started: Thread Group 1-3
2023-11-28 10:03:49,458 INFO o.a.j.t.JMeterThread: Thread started: Thread Group 1-4
2023-11-28 10:03:49,530 INFO o.a.j.p.h.s.h.LazyLayeredConnectionSocketFactory: Setting up HTTPS TrustAll Socket Factory
2023-11-28 10:03:49,541 INFO o.a.j.u.JsseSSLManager: Using default SSL protocol: TLS
2023-11-28 10:03:49,542 INFO o.a.j.u.JsseSSLManager: SSL session context: per-thread
2023-11-28 10:03:49,558 INFO o.a.j.t.JMeterThread: Thread started: Thread Group 1-5
2023-11-28 10:03:49,639 INFO o.a.j.t.JMeterThread: Thread started: Thread Group 1-6
2023-11-28 10:03:49,761 INFO o.a.j.t.JMeterThread: Thread started: Thread Group 1-7
2023-11-28 10:03:49,858 INFO o.a.j.t.JMeterThread: Thread started: Thread Group 1-8
2023-11-28 10:03:49,917 INFO o.a.j.t.JMeterThread: Thread started: Thread Group 1-9
2023-11-28 10:03:50,021 INFO o.a.j.t.JMeterThread: Thread started: Thread Group 1-10
2023-11-28 10:03:50,124 INFO o.a.j.t.JMeterThread: Thread started: Thread Group 1-11
2023-11-28 10:03:50,224 INFO o.a.j.t.JMeterThread: Thread started: Thread Group 1-12
2023-11-28 10:03:50,341 INFO o.a.j.t.JMeterThread: Thread started: Thread Group 1-13
2023-11-28 10:03:50,440 INFO o.a.j.t.JMeterThread: Thread started: Thread Group 1-14
2023-11-28 10:03:50,521 INFO o.a.j.u.SSLManager: JmeterKeyStore Location:  type JKS
2023-11-28 10:03:50,533 INFO o.a.j.u.SSLManager: KeyStore created OK
2023-11-28 10:03:50,534 WARN o.a.j.u.SSLManager: Keystore file not found, loading empty keystore
2023-11-28 10:03:50,542 INFO o.a.j.t.JMeterThread: Thread started: Thread Group 1-15
2023-11-28 10:03:50,644 INFO o.a.j.t.JMeterThread: Thread started: Thread Group 1-16
2023-11-28 10:03:50,742 INFO o.a.j.t.JMeterThread: Thread started: Thread Group 1-17
2023-11-28 10:03:50,846 INFO o.a.j.t.JMeterThread: Thread started: Thread Group 1-18
2023-11-28 10:03:50,946 INFO o.a.j.t.JMeterThread: Thread started: Thread Group 1-19
2023-11-28 10:03:51,047 INFO o.a.j.t.JMeterThread: Thread started: Thread Group 1-20
2023-11-28 10:03:51,147 INFO o.a.j.t.JMeterThread: Thread started: Thread Group 1-21
2023-11-28 10:03:51,189 INFO o.a.j.t.JMeterThread: Thread started: Thread Group 1-22
2023-11-28 10:03:51,320 INFO o.a.j.t.JMeterThread: Thread started: Thread Group 1-23
2023-11-28 10:03:51,483 INFO o.a.j.t.JMeterThread: Thread started: Thread Group 1-24
2023-11-28 10:03:51,702 INFO o.a.j.t.JMeterThread: Thread started: Thread Group 1-25
2023-11-28 10:03:51,705 INFO o.a.j.t.JMeterThread: Thread started: Thread Group 1-26
2023-11-28 10:03:51,709 INFO o.a.j.t.JMeterThread: Thread started: Thread Group 1-27
2023-11-28 10:03:51,808 INFO o.a.j.t.JMeterThread: Thread started: Thread Group 1-28
2023-11-28 10:03:51,885 INFO o.a.j.t.JMeterThread: Thread started: Thread Group 1-29
2023-11-28 10:03:51,899 INFO o.a.j.t.JMeterThread: Thread is done: Thread Group 1-14
2023-11-28 10:03:51,899 INFO o.a.j.t.JMeterThread: Thread finished: Thread Group 1-14
2023-11-28 10:03:51,950 INFO o.a.j.t.JMeterThread: Thread is done: Thread Group 1-22
2023-11-28 10:03:51,950 INFO o.a.j.t.JMeterThread: Thread finished: Thread Group 1-22
2023-11-28 10:03:51,953 INFO o.a.j.t.JMeterThread: Thread started: Thread Group 1-30
2023-11-28 10:03:52,000 INFO o.a.j.t.JMeterThread: Thread is done: Thread Group 1-15
2023-11-28 10:03:52,001 INFO o.a.j.t.JMeterThread: Thread finished: Thread Group 1-15
2023-11-28 10:03:52,054 INFO o.a.j.t.JMeterThread: Thread started: Thread Group 1-31
2023-11-28 10:03:52,054 INFO o.a.j.t.JMeterThread: Thread is done: Thread Group 1-17
2023-11-28 10:03:52,054 INFO o.a.j.t.JMeterThread: Thread finished: Thread Group 1-17
2023-11-28 10:03:52,216 INFO o.a.j.t.JMeterThread: Thread is done: Thread Group 1-23
2023-11-28 10:03:52,219 INFO o.a.j.t.JMeterThread: Thread finished: Thread Group 1-23
2023-11-28 10:03:52,224 INFO o.a.j.t.JMeterThread: Thread started: Thread Group 1-32
2023-11-28 10:03:52,227 INFO o.a.j.t.JMeterThread: Thread is done: Thread Group 1-6
2023-11-28 10:03:52,228 INFO o.a.j.t.JMeterThread: Thread finished: Thread Group 1-6
2023-11-28 10:03:52,232 INFO o.a.j.t.JMeterThread: Thread is done: Thread Group 1-1
2023-11-28 10:03:52,232 INFO o.a.j.t.JMeterThread: Thread finished: Thread Group 1-1
2023-11-28 10:03:52,252 INFO o.a.j.t.JMeterThread: Thread is done: Thread Group 1-3
2023-11-28 10:03:52,253 INFO o.a.j.t.JMeterThread: Thread finished: Thread Group 1-3
2023-11-28 10:03:52,260 INFO o.a.j.t.JMeterThread: Thread is done: Thread Group 1-20
2023-11-28 10:03:52,260 INFO o.a.j.t.JMeterThread: Thread is done: Thread Group 1-10
2023-11-28 10:03:52,260 INFO o.a.j.t.JMeterThread: Thread finished: Thread Group 1-10
2023-11-28 10:03:52,264 INFO o.a.j.t.JMeterThread: Thread finished: Thread Group 1-20
2023-11-28 10:03:52,280 INFO o.a.j.t.JMeterThread: Thread is done: Thread Group 1-11
2023-11-28 10:03:52,281 INFO o.a.j.t.JMeterThread: Thread finished: Thread Group 1-11
2023-11-28 10:03:52,286 INFO o.a.j.t.JMeterThread: Thread is done: Thread Group 1-28
2023-11-28 10:03:52,286 INFO o.a.j.t.JMeterThread: Thread finished: Thread Group 1-28
2023-11-28 10:03:52,300 INFO o.a.j.t.JMeterThread: Thread is done: Thread Group 1-12
2023-11-28 10:03:52,300 INFO o.a.j.t.JMeterThread: Thread finished: Thread Group 1-12
2023-11-28 10:03:52,304 INFO o.a.j.t.JMeterThread: Thread is done: Thread Group 1-9
2023-11-28 10:03:52,304 INFO o.a.j.t.JMeterThread: Thread finished: Thread Group 1-9
2023-11-28 10:03:52,309 INFO o.a.j.t.JMeterThread: Thread is done: Thread Group 1-29
2023-11-28 10:03:52,310 INFO o.a.j.t.JMeterThread: Thread finished: Thread Group 1-29
2023-11-28 10:03:52,316 INFO o.a.j.t.JMeterThread: Thread is done: Thread Group 1-13
2023-11-28 10:03:52,320 INFO o.a.j.t.JMeterThread: Thread finished: Thread Group 1-13
2023-11-28 10:03:52,324 INFO o.a.j.t.JMeterThread: Thread started: Thread Group 1-33
2023-11-28 10:03:52,326 INFO o.a.j.t.JMeterThread: Thread is done: Thread Group 1-16
2023-11-28 10:03:52,327 INFO o.a.j.t.JMeterThread: Thread finished: Thread Group 1-16
2023-11-28 10:03:52,361 INFO o.a.j.t.JMeterThread: Thread is done: Thread Group 1-7
2023-11-28 10:03:52,361 INFO o.a.j.t.JMeterThread: Thread finished: Thread Group 1-7
2023-11-28 10:03:52,369 INFO o.a.j.t.JMeterThread: Thread is done: Thread Group 1-30
2023-11-28 10:03:52,369 INFO o.a.j.t.JMeterThread: Thread finished: Thread Group 1-30
2023-11-28 10:03:52,375 INFO o.a.j.t.JMeterThread: Thread is done: Thread Group 1-4
2023-11-28 10:03:52,376 INFO o.a.j.t.JMeterThread: Thread finished: Thread Group 1-4
2023-11-28 10:03:52,383 INFO o.a.j.t.JMeterThread: Thread is done: Thread Group 1-21
2023-11-28 10:03:52,383 INFO o.a.j.t.JMeterThread: Thread finished: Thread Group 1-21
2023-11-28 10:03:52,386 INFO o.a.j.t.JMeterThread: Thread is done: Thread Group 1-8
2023-11-28 10:03:52,386 INFO o.a.j.t.JMeterThread: Thread finished: Thread Group 1-8
2023-11-28 10:03:52,395 INFO o.a.j.t.JMeterThread: Thread is done: Thread Group 1-24
2023-11-28 10:03:52,395 INFO o.a.j.t.JMeterThread: Thread finished: Thread Group 1-24
2023-11-28 10:03:52,409 INFO o.a.j.t.JMeterThread: Thread is done: Thread Group 1-26
2023-11-28 10:03:52,409 INFO o.a.j.t.JMeterThread: Thread finished: Thread Group 1-26
2023-11-28 10:03:52,413 INFO o.a.j.t.JMeterThread: Thread is done: Thread Group 1-2
2023-11-28 10:03:52,413 INFO o.a.j.t.JMeterThread: Thread finished: Thread Group 1-2
2023-11-28 10:03:52,417 INFO o.a.j.t.JMeterThread: Thread is done: Thread Group 1-18
2023-11-28 10:03:52,417 INFO o.a.j.t.JMeterThread: Thread finished: Thread Group 1-18
2023-11-28 10:03:52,415 INFO o.a.j.t.JMeterThread: Thread started: Thread Group 1-34
2023-11-28 10:03:52,424 INFO o.a.j.t.JMeterThread: Thread is done: Thread Group 1-27
2023-11-28 10:03:52,424 INFO o.a.j.t.JMeterThread: Thread finished: Thread Group 1-27
2023-11-28 10:03:52,428 INFO o.a.j.t.JMeterThread: Thread is done: Thread Group 1-31
2023-11-28 10:03:52,428 INFO o.a.j.t.JMeterThread: Thread finished: Thread Group 1-31
2023-11-28 10:03:52,432 INFO o.a.j.t.JMeterThread: Thread is done: Thread Group 1-5
2023-11-28 10:03:52,432 INFO o.a.j.t.JMeterThread: Thread finished: Thread Group 1-5
2023-11-28 10:03:52,471 INFO o.a.j.t.JMeterThread: Thread is done: Thread Group 1-32
2023-11-28 10:03:52,471 INFO o.a.j.t.JMeterThread: Thread finished: Thread Group 1-32
2023-11-28 10:03:52,474 INFO o.a.j.t.JMeterThread: Thread is done: Thread Group 1-25
2023-11-28 10:03:52,475 INFO o.a.j.t.JMeterThread: Thread finished: Thread Group 1-25
2023-11-28 10:03:52,511 INFO o.a.j.t.JMeterThread: Thread started: Thread Group 1-35
2023-11-28 10:03:52,561 INFO o.a.j.t.JMeterThread: Thread is done: Thread Group 1-19
2023-11-28 10:03:52,561 INFO o.a.j.t.JMeterThread: Thread finished: Thread Group 1-19
2023-11-28 10:03:52,565 INFO o.a.j.t.JMeterThread: Thread is done: Thread Group 1-33
2023-11-28 10:03:52,565 INFO o.a.j.t.JMeterThread: Thread finished: Thread Group 1-33
2023-11-28 10:03:52,574 INFO o.a.j.t.JMeterThread: Thread is done: Thread Group 1-34
2023-11-28 10:03:52,574 INFO o.a.j.t.JMeterThread: Thread finished: Thread Group 1-34
2023-11-28 10:03:52,611 INFO o.a.j.t.JMeterThread: Thread started: Thread Group 1-36
2023-11-28 10:03:52,681 INFO o.a.j.t.JMeterThread: Thread is done: Thread Group 1-35
2023-11-28 10:03:52,681 INFO o.a.j.t.JMeterThread: Thread finished: Thread Group 1-35
2023-11-28 10:03:52,711 INFO o.a.j.t.JMeterThread: Thread started: Thread Group 1-37
2023-11-28 10:03:52,765 INFO o.a.j.t.JMeterThread: Thread is done: Thread Group 1-36
2023-11-28 10:03:52,765 INFO o.a.j.t.JMeterThread: Thread finished: Thread Group 1-36
2023-11-28 10:03:52,816 INFO o.a.j.t.JMeterThread: Thread started: Thread Group 1-38
2023-11-28 10:03:52,870 INFO o.a.j.t.JMeterThread: Thread is done: Thread Group 1-37
2023-11-28 10:03:52,870 INFO o.a.j.t.JMeterThread: Thread finished: Thread Group 1-37
2023-11-28 10:03:52,911 INFO o.a.j.t.JMeterThread: Thread started: Thread Group 1-39
2023-11-28 10:03:53,011 INFO o.a.j.t.JMeterThread: Thread started: Thread Group 1-40
2023-11-28 10:03:53,058 INFO o.a.j.t.JMeterThread: Thread is done: Thread Group 1-38
2023-11-28 10:03:53,059 INFO o.a.j.t.JMeterThread: Thread finished: Thread Group 1-38
2023-11-28 10:03:53,077 INFO o.a.j.t.JMeterThread: Thread is done: Thread Group 1-39
2023-11-28 10:03:53,077 INFO o.a.j.t.JMeterThread: Thread finished: Thread Group 1-39
2023-11-28 10:03:53,114 INFO o.a.j.t.JMeterThread: Thread started: Thread Group 1-41
2023-11-28 10:03:53,192 INFO o.a.j.t.JMeterThread: Thread started: Thread Group 1-42
2023-11-28 10:03:53,233 INFO o.a.j.t.JMeterThread: Thread is done: Thread Group 1-40
2023-11-28 10:03:53,233 INFO o.a.j.t.JMeterThread: Thread finished: Thread Group 1-40
2023-11-28 10:03:53,262 INFO o.a.j.t.JMeterThread: Thread is done: Thread Group 1-41
2023-11-28 10:03:53,263 INFO o.a.j.t.JMeterThread: Thread finished: Thread Group 1-41
2023-11-28 10:03:53,292 INFO o.a.j.t.JMeterThread: Thread started: Thread Group 1-43
2023-11-28 10:03:53,373 INFO o.a.j.t.JMeterThread: Thread is done: Thread Group 1-42
2023-11-28 10:03:53,373 INFO o.a.j.t.JMeterThread: Thread finished: Thread Group 1-42
2023-11-28 10:03:53,392 INFO o.a.j.t.JMeterThread: Thread started: Thread Group 1-44
2023-11-28 10:03:53,444 INFO o.a.j.t.JMeterThread: Thread is done: Thread Group 1-43
2023-11-28 10:03:53,444 INFO o.a.j.t.JMeterThread: Thread finished: Thread Group 1-43
2023-11-28 10:03:53,492 INFO o.a.j.t.JMeterThread: Thread started: Thread Group 1-45
2023-11-28 10:03:53,535 INFO o.a.j.t.JMeterThread: Thread is done: Thread Group 1-44
2023-11-28 10:03:53,535 INFO o.a.j.t.JMeterThread: Thread finished: Thread Group 1-44
2023-11-28 10:03:53,592 INFO o.a.j.t.JMeterThread: Thread started: Thread Group 1-46
2023-11-28 10:03:53,625 INFO o.a.j.t.JMeterThread: Thread is done: Thread Group 1-45
2023-11-28 10:03:53,626 INFO o.a.j.t.JMeterThread: Thread finished: Thread Group 1-45
2023-11-28 10:03:53,691 INFO o.a.j.t.JMeterThread: Thread started: Thread Group 1-47
2023-11-28 10:03:53,729 INFO o.a.j.t.JMeterThread: Thread is done: Thread Group 1-46
2023-11-28 10:03:53,729 INFO o.a.j.t.JMeterThread: Thread finished: Thread Group 1-46
2023-11-28 10:03:53,797 INFO o.a.j.t.JMeterThread: Thread started: Thread Group 1-48
2023-11-28 10:03:53,833 INFO o.a.j.t.JMeterThread: Thread is done: Thread Group 1-47
2023-11-28 10:03:53,833 INFO o.a.j.t.JMeterThread: Thread finished: Thread Group 1-47
2023-11-28 10:03:53,899 INFO o.a.j.t.JMeterThread: Thread started: Thread Group 1-49
2023-11-28 10:03:53,920 INFO o.a.j.t.JMeterThread: Thread is done: Thread Group 1-48
2023-11-28 10:03:53,920 INFO o.a.j.t.JMeterThread: Thread finished: Thread Group 1-48
2023-11-28 10:03:53,991 INFO o.a.j.t.JMeterThread: Thread started: Thread Group 1-50
2023-11-28 10:03:54,058 INFO o.a.j.t.JMeterThread: Thread is done: Thread Group 1-49
2023-11-28 10:03:54,058 INFO o.a.j.t.JMeterThread: Thread finished: Thread Group 1-49
2023-11-28 10:03:54,099 INFO o.a.j.t.JMeterThread: Thread started: Thread Group 1-51
2023-11-28 10:03:54,130 INFO o.a.j.t.JMeterThread: Thread is done: Thread Group 1-50
2023-11-28 10:03:54,130 INFO o.a.j.t.JMeterThread: Thread finished: Thread Group 1-50
2023-11-28 10:03:54,202 INFO o.a.j.t.JMeterThread: Thread started: Thread Group 1-52
2023-11-28 10:03:54,225 INFO o.a.j.t.JMeterThread: Thread is done: Thread Group 1-51
2023-11-28 10:03:54,225 INFO o.a.j.t.JMeterThread: Thread finished: Thread Group 1-51
2023-11-28 10:03:54,291 INFO o.a.j.t.JMeterThread: Thread started: Thread Group 1-53
2023-11-28 10:03:54,390 INFO o.a.j.t.JMeterThread: Thread started: Thread Group 1-54
2023-11-28 10:03:54,423 INFO o.a.j.t.JMeterThread: Thread is done: Thread Group 1-52
2023-11-28 10:03:54,423 INFO o.a.j.t.JMeterThread: Thread finished: Thread Group 1-52
2023-11-28 10:03:54,476 INFO o.a.j.t.JMeterThread: Thread is done: Thread Group 1-53
2023-11-28 10:03:54,476 INFO o.a.j.t.JMeterThread: Thread finished: Thread Group 1-53
2023-11-28 10:03:54,490 INFO o.a.j.t.JMeterThread: Thread started: Thread Group 1-55
2023-11-28 10:03:54,561 INFO o.a.j.t.JMeterThread: Thread is done: Thread Group 1-54
2023-11-28 10:03:54,561 INFO o.a.j.t.JMeterThread: Thread finished: Thread Group 1-54
2023-11-28 10:03:54,586 INFO o.a.j.t.JMeterThread: Thread started: Thread Group 1-56
2023-11-28 10:03:54,630 INFO o.a.j.t.JMeterThread: Thread is done: Thread Group 1-55
2023-11-28 10:03:54,630 INFO o.a.j.t.JMeterThread: Thread finished: Thread Group 1-55
2023-11-28 10:03:54,672 INFO o.a.j.t.JMeterThread: Thread started: Thread Group 1-57
2023-11-28 10:03:54,724 INFO o.a.j.t.JMeterThread: Thread is done: Thread Group 1-56
2023-11-28 10:03:54,724 INFO o.a.j.t.JMeterThread: Thread finished: Thread Group 1-56
2023-11-28 10:03:54,768 INFO o.a.j.t.JMeterThread: Thread started: Thread Group 1-58
2023-11-28 10:03:54,839 INFO o.a.j.t.JMeterThread: Thread is done: Thread Group 1-57
2023-11-28 10:03:54,839 INFO o.a.j.t.JMeterThread: Thread finished: Thread Group 1-57
2023-11-28 10:03:54,867 INFO o.a.j.t.JMeterThread: Thread started: Thread Group 1-59
2023-11-28 10:03:54,961 INFO o.a.j.t.JMeterThread: Thread is done: Thread Group 1-58
2023-11-28 10:03:54,961 INFO o.a.j.t.JMeterThread: Thread finished: Thread Group 1-58
2023-11-28 10:03:54,966 INFO o.a.j.t.JMeterThread: Thread started: Thread Group 1-60
2023-11-28 10:03:55,030 INFO o.a.j.t.JMeterThread: Thread is done: Thread Group 1-59
2023-11-28 10:03:55,031 INFO o.a.j.t.JMeterThread: Thread finished: Thread Group 1-59
2023-11-28 10:03:55,066 INFO o.a.j.t.JMeterThread: Thread started: Thread Group 1-61
2023-11-28 10:03:55,165 INFO o.a.j.t.JMeterThread: Thread started: Thread Group 1-62
2023-11-28 10:03:55,197 INFO o.a.j.t.JMeterThread: Thread is done: Thread Group 1-61
2023-11-28 10:03:55,197 INFO o.a.j.t.JMeterThread: Thread finished: Thread Group 1-61
2023-11-28 10:03:55,306 INFO o.a.j.t.JMeterThread: Thread is done: Thread Group 1-62
2023-11-28 10:03:55,306 INFO o.a.j.t.JMeterThread: Thread finished: Thread Group 1-62
2023-11-28 10:03:55,324 INFO o.a.j.t.JMeterThread: Thread started: Thread Group 1-63
2023-11-28 10:03:55,371 INFO o.a.j.t.JMeterThread: Thread is done: Thread Group 1-60
2023-11-28 10:03:55,371 INFO o.a.j.t.JMeterThread: Thread finished: Thread Group 1-60
2023-11-28 10:03:55,417 INFO o.a.j.t.JMeterThread: Thread started: Thread Group 1-64
2023-11-28 10:03:55,475 INFO o.a.j.t.JMeterThread: Thread is done: Thread Group 1-63
2023-11-28 10:03:55,475 INFO o.a.j.t.JMeterThread: Thread finished: Thread Group 1-63
2023-11-28 10:03:55,510 INFO o.a.j.t.JMeterThread: Thread started: Thread Group 1-65
2023-11-28 10:03:55,548 INFO o.a.j.t.JMeterThread: Thread is done: Thread Group 1-64
2023-11-28 10:03:55,548 INFO o.a.j.t.JMeterThread: Thread finished: Thread Group 1-64
2023-11-28 10:03:55,614 INFO o.a.j.t.JMeterThread: Thread started: Thread Group 1-66
2023-11-28 10:03:55,673 INFO o.a.j.t.JMeterThread: Thread is done: Thread Group 1-65
2023-11-28 10:03:55,674 INFO o.a.j.t.JMeterThread: Thread finished: Thread Group 1-65
2023-11-28 10:03:55,717 INFO o.a.j.t.JMeterThread: Thread started: Thread Group 1-67
2023-11-28 10:03:55,768 INFO o.a.j.t.JMeterThread: Thread is done: Thread Group 1-66
2023-11-28 10:03:55,768 INFO o.a.j.t.JMeterThread: Thread finished: Thread Group 1-66
2023-11-28 10:03:55,817 INFO o.a.j.t.JMeterThread: Thread started: Thread Group 1-68
2023-11-28 10:03:55,866 INFO o.a.j.t.JMeterThread: Thread is done: Thread Group 1-67
2023-11-28 10:03:55,866 INFO o.a.j.t.JMeterThread: Thread finished: Thread Group 1-67
2023-11-28 10:03:55,924 INFO o.a.j.t.JMeterThread: Thread started: Thread Group 1-69
2023-11-28 10:03:55,961 INFO o.a.j.t.JMeterThread: Thread is done: Thread Group 1-68
2023-11-28 10:03:55,961 INFO o.a.j.t.JMeterThread: Thread finished: Thread Group 1-68
2023-11-28 10:03:56,028 INFO o.a.j.t.JMeterThread: Thread started: Thread Group 1-70
2023-11-28 10:03:56,107 INFO o.a.j.t.JMeterThread: Thread is done: Thread Group 1-69
2023-11-28 10:03:56,107 INFO o.a.j.t.JMeterThread: Thread finished: Thread Group 1-69
2023-11-28 10:03:56,125 INFO o.a.j.t.JMeterThread: Thread started: Thread Group 1-71
2023-11-28 10:03:56,183 INFO o.a.j.t.JMeterThread: Thread is done: Thread Group 1-70
2023-11-28 10:03:56,184 INFO o.a.j.t.JMeterThread: Thread finished: Thread Group 1-70
2023-11-28 10:03:56,227 INFO o.a.j.t.JMeterThread: Thread started: Thread Group 1-72
2023-11-28 10:03:56,274 INFO o.a.j.t.JMeterThread: Thread is done: Thread Group 1-71
2023-11-28 10:03:56,274 INFO o.a.j.t.JMeterThread: Thread finished: Thread Group 1-71
2023-11-28 10:03:56,329 INFO o.a.j.t.JMeterThread: Thread started: Thread Group 1-73
2023-11-28 10:03:56,391 INFO o.a.j.t.JMeterThread: Thread is done: Thread Group 1-72
2023-11-28 10:03:56,391 INFO o.a.j.t.JMeterThread: Thread finished: Thread Group 1-72
2023-11-28 10:03:56,428 INFO o.a.j.t.JMeterThread: Thread started: Thread Group 1-74
2023-11-28 10:03:56,499 INFO o.a.j.t.JMeterThread: Thread is done: Thread Group 1-73
2023-11-28 10:03:56,499 INFO o.a.j.t.JMeterThread: Thread finished: Thread Group 1-73
2023-11-28 10:03:56,530 INFO o.a.j.t.JMeterThread: Thread started: Thread Group 1-75
2023-11-28 10:03:56,600 INFO o.a.j.t.JMeterThread: Thread is done: Thread Group 1-74
2023-11-28 10:03:56,600 INFO o.a.j.t.JMeterThread: Thread finished: Thread Group 1-74
2023-11-28 10:03:56,631 INFO o.a.j.t.JMeterThread: Thread started: Thread Group 1-76
2023-11-28 10:03:56,691 INFO o.a.j.t.JMeterThread: Thread is done: Thread Group 1-75
2023-11-28 10:03:56,691 INFO o.a.j.t.JMeterThread: Thread finished: Thread Group 1-75
2023-11-28 10:03:56,730 INFO o.a.j.t.JMeterThread: Thread started: Thread Group 1-77
2023-11-28 10:03:56,795 INFO o.a.j.t.JMeterThread: Thread is done: Thread Group 1-76
2023-11-28 10:03:56,795 INFO o.a.j.t.JMeterThread: Thread finished: Thread Group 1-76
2023-11-28 10:03:56,831 INFO o.a.j.t.JMeterThread: Thread started: Thread Group 1-78
2023-11-28 10:03:56,886 INFO o.a.j.t.JMeterThread: Thread is done: Thread Group 1-77
2023-11-28 10:03:56,886 INFO o.a.j.t.JMeterThread: Thread finished: Thread Group 1-77
2023-11-28 10:03:56,931 INFO o.a.j.t.JMeterThread: Thread started: Thread Group 1-79
2023-11-28 10:03:57,006 INFO o.a.j.t.JMeterThread: Thread is done: Thread Group 1-78
2023-11-28 10:03:57,006 INFO o.a.j.t.JMeterThread: Thread finished: Thread Group 1-78
2023-11-28 10:03:57,032 INFO o.a.j.t.JMeterThread: Thread started: Thread Group 1-80
2023-11-28 10:03:57,085 INFO o.a.j.t.JMeterThread: Thread is done: Thread Group 1-79
2023-11-28 10:03:57,085 INFO o.a.j.t.JMeterThread: Thread finished: Thread Group 1-79
2023-11-28 10:03:57,135 INFO o.a.j.t.JMeterThread: Thread started: Thread Group 1-81
2023-11-28 10:03:57,177 INFO o.a.j.t.JMeterThread: Thread is done: Thread Group 1-80
2023-11-28 10:03:57,177 INFO o.a.j.t.JMeterThread: Thread finished: Thread Group 1-80
2023-11-28 10:03:57,236 INFO o.a.j.t.JMeterThread: Thread started: Thread Group 1-82
2023-11-28 10:03:57,270 INFO o.a.j.t.JMeterThread: Thread is done: Thread Group 1-81
2023-11-28 10:03:57,270 INFO o.a.j.t.JMeterThread: Thread finished: Thread Group 1-81
2023-11-28 10:03:57,330 INFO o.a.j.t.JMeterThread: Thread started: Thread Group 1-83
2023-11-28 10:03:57,387 INFO o.a.j.t.JMeterThread: Thread is done: Thread Group 1-82
2023-11-28 10:03:57,388 INFO o.a.j.t.JMeterThread: Thread finished: Thread Group 1-82
2023-11-28 10:03:57,433 INFO o.a.j.t.JMeterThread: Thread started: Thread Group 1-84
2023-11-28 10:03:57,491 INFO o.a.j.t.JMeterThread: Thread is done: Thread Group 1-83
2023-11-28 10:03:57,492 INFO o.a.j.t.JMeterThread: Thread finished: Thread Group 1-83
2023-11-28 10:03:57,532 INFO o.a.j.t.JMeterThread: Thread started: Thread Group 1-85
2023-11-28 10:03:57,611 INFO o.a.j.t.JMeterThread: Thread is done: Thread Group 1-84
2023-11-28 10:03:57,611 INFO o.a.j.t.JMeterThread: Thread finished: Thread Group 1-84
2023-11-28 10:03:57,645 INFO o.a.j.t.JMeterThread: Thread started: Thread Group 1-86
2023-11-28 10:03:57,730 INFO o.a.j.t.JMeterThread: Thread is done: Thread Group 1-85
2023-11-28 10:03:57,730 INFO o.a.j.t.JMeterThread: Thread finished: Thread Group 1-85
2023-11-28 10:03:57,740 INFO o.a.j.t.JMeterThread: Thread started: Thread Group 1-87
2023-11-28 10:03:57,778 INFO o.a.j.t.JMeterThread: Thread is done: Thread Group 1-86
2023-11-28 10:03:57,779 INFO o.a.j.t.JMeterThread: Thread finished: Thread Group 1-86
2023-11-28 10:03:57,842 INFO o.a.j.t.JMeterThread: Thread started: Thread Group 1-88
2023-11-28 10:03:57,876 INFO o.a.j.t.JMeterThread: Thread is done: Thread Group 1-87
2023-11-28 10:03:57,877 INFO o.a.j.t.JMeterThread: Thread finished: Thread Group 1-87
2023-11-28 10:03:57,941 INFO o.a.j.t.JMeterThread: Thread started: Thread Group 1-89
2023-11-28 10:03:57,980 INFO o.a.j.t.JMeterThread: Thread is done: Thread Group 1-88
2023-11-28 10:03:57,980 INFO o.a.j.t.JMeterThread: Thread finished: Thread Group 1-88
2023-11-28 10:03:58,044 INFO o.a.j.t.JMeterThread: Thread started: Thread Group 1-90
2023-11-28 10:03:58,129 INFO o.a.j.t.JMeterThread: Thread is done: Thread Group 1-89
2023-11-28 10:03:58,129 INFO o.a.j.t.JMeterThread: Thread finished: Thread Group 1-89
2023-11-28 10:03:58,144 INFO o.a.j.t.JMeterThread: Thread started: Thread Group 1-91
2023-11-28 10:03:58,182 INFO o.a.j.t.JMeterThread: Thread is done: Thread Group 1-90
2023-11-28 10:03:58,182 INFO o.a.j.t.JMeterThread: Thread finished: Thread Group 1-90
2023-11-28 10:03:58,250 INFO o.a.j.t.JMeterThread: Thread started: Thread Group 1-92
2023-11-28 10:03:58,297 INFO o.a.j.t.JMeterThread: Thread is done: Thread Group 1-91
2023-11-28 10:03:58,297 INFO o.a.j.t.JMeterThread: Thread finished: Thread Group 1-91
2023-11-28 10:03:58,359 INFO o.a.j.t.JMeterThread: Thread started: Thread Group 1-93
2023-11-28 10:03:58,441 INFO o.a.j.t.JMeterThread: Thread is done: Thread Group 1-92
2023-11-28 10:03:58,441 INFO o.a.j.t.JMeterThread: Thread finished: Thread Group 1-92
2023-11-28 10:03:58,455 INFO o.a.j.t.JMeterThread: Thread started: Thread Group 1-94
2023-11-28 10:03:58,497 INFO o.a.j.t.JMeterThread: Thread is done: Thread Group 1-93
2023-11-28 10:03:58,498 INFO o.a.j.t.JMeterThread: Thread finished: Thread Group 1-93
2023-11-28 10:03:58,555 INFO o.a.j.t.JMeterThread: Thread started: Thread Group 1-95
2023-11-28 10:03:58,575 INFO o.a.j.t.JMeterThread: Thread is done: Thread Group 1-94
2023-11-28 10:03:58,575 INFO o.a.j.t.JMeterThread: Thread finished: Thread Group 1-94
2023-11-28 10:03:58,653 INFO o.a.j.t.JMeterThread: Thread started: Thread Group 1-96
2023-11-28 10:03:58,753 INFO o.a.j.t.JMeterThread: Thread started: Thread Group 1-97
2023-11-28 10:03:58,756 INFO o.a.j.t.JMeterThread: Thread is done: Thread Group 1-95
2023-11-28 10:03:58,756 INFO o.a.j.t.JMeterThread: Thread finished: Thread Group 1-95
2023-11-28 10:03:58,806 INFO o.a.j.t.JMeterThread: Thread is done: Thread Group 1-96
2023-11-28 10:03:58,806 INFO o.a.j.t.JMeterThread: Thread finished: Thread Group 1-96
2023-11-28 10:03:58,833 INFO o.a.j.t.JMeterThread: Thread started: Thread Group 1-98
2023-11-28 10:03:58,924 INFO o.a.j.t.JMeterThread: Thread started: Thread Group 1-99
2023-11-28 10:03:58,942 INFO o.a.j.t.JMeterThread: Thread is done: Thread Group 1-97
2023-11-28 10:03:58,942 INFO o.a.j.t.JMeterThread: Thread finished: Thread Group 1-97
2023-11-28 10:03:58,984 INFO o.a.j.t.JMeterThread: Thread is done: Thread Group 1-98
2023-11-28 10:03:58,984 INFO o.a.j.t.JMeterThread: Thread finished: Thread Group 1-98
2023-11-28 10:03:59,022 INFO o.a.j.t.JMeterThread: Thread started: Thread Group 1-100
2023-11-28 10:03:59,053 INFO o.a.j.t.JMeterThread: Thread is done: Thread Group 1-99
2023-11-28 10:03:59,053 INFO o.a.j.t.JMeterThread: Thread finished: Thread Group 1-99
2023-11-28 10:03:59,162 INFO o.a.j.t.JMeterThread: Thread is done: Thread Group 1-100
2023-11-28 10:03:59,162 INFO o.a.j.t.JMeterThread: Thread finished: Thread Group 1-100
2023-11-28 10:03:59,162 INFO o.a.j.e.StandardJMeterEngine: Notifying test listeners of end of test
2023-11-28 10:03:59,162 INFO o.a.j.r.Summariser: summary =    100 in 00:00:10 =    9.8/s Avg:   619 Min:   119 Max:  2954 Err:     0 (0.00%)
2023-11-28 10:03:59,162 INFO o.a.j.JMeter: Generating Dashboard
2023-11-28 10:03:59,162 INFO o.a.j.r.d.ReportGenerator: Flushing result collector before report Generation
2023-11-28 10:03:59,194 INFO o.a.j.r.p.NormalizerSampleConsumer: Using format, 'ms', to parse timeStamp field
2023-11-28 10:03:59,350 INFO o.a.j.r.p.AbstractSampleConsumer: class org.apache.jmeter.report.processor.AggregateConsumer#stopProducing(): beginDate produced 0 samples
2023-11-28 10:03:59,350 INFO o.a.j.r.p.AbstractSampleConsumer: class org.apache.jmeter.report.processor.AggregateConsumer#stopProducing(): endDate produced 0 samples
2023-11-28 10:03:59,350 INFO o.a.j.r.p.AbstractSampleConsumer: class org.apache.jmeter.report.processor.ApdexSummaryConsumer#stopProducing(): apdexSummary produced 0 samples
2023-11-28 10:03:59,350 INFO o.a.j.r.p.AbstractSampleConsumer: class org.apache.jmeter.report.processor.RequestsSummaryConsumer#stopProducing(): requestsSummary produced 0 samples
2023-11-28 10:03:59,366 INFO o.a.j.r.p.AbstractSampleConsumer: class org.apache.jmeter.report.processor.StatisticsSummaryConsumer#stopProducing(): statisticsSummary produced 0 samples
2023-11-28 10:03:59,381 INFO o.a.j.r.p.AbstractSampleConsumer: class org.apache.jmeter.report.processor.Top5ErrorsBySamplerConsumer#stopProducing(): top5ErrorsBySampler produced 0 samples
2023-11-28 10:03:59,381 INFO o.a.j.r.p.AbstractSampleConsumer: class org.apache.jmeter.report.processor.ErrorsSummaryConsumer#stopProducing(): errorsSummary produced 0 samples
2023-11-28 10:03:59,381 INFO o.a.j.r.p.AbstractSampleConsumer: class org.apache.jmeter.report.processor.graph.impl.HitsPerSecondGraphConsumer#stopProducing(): hitsPerSecond produced 0 samples
2023-11-28 10:03:59,428 INFO o.a.j.r.p.AbstractSampleConsumer: class org.apache.jmeter.report.processor.graph.impl.LatencyVSRequestGraphConsumer#stopProducing(): latencyVsRequest produced 0 samples
2023-11-28 10:03:59,428 INFO o.a.j.r.p.AbstractSampleConsumer: class org.apache.jmeter.report.processor.graph.impl.SyntheticResponseTimeDistributionGraphConsumer#stopProducing(): syntheticResponseTimeDistribution produced 0 samples
2023-11-28 10:03:59,428 INFO o.a.j.r.p.AbstractSampleConsumer: class org.apache.jmeter.report.processor.graph.impl.BytesThroughputGraphConsumer#stopProducing(): bytesThroughputOverTime produced 0 samples
2023-11-28 10:03:59,428 INFO o.a.j.r.p.AbstractSampleConsumer: class org.apache.jmeter.report.processor.graph.impl.CodesPerSecondGraphConsumer#stopProducing(): codesPerSecond produced 0 samples
2023-11-28 10:03:59,444 INFO o.a.j.r.p.AbstractSampleConsumer: class org.apache.jmeter.report.processor.graph.impl.ResponseTimeVSRequestGraphConsumer#stopProducing(): responseTimeVsRequest produced 0 samples
2023-11-28 10:03:59,444 INFO o.a.j.r.p.AbstractSampleConsumer: class org.apache.jmeter.report.processor.FilterConsumer#stopProducing(): startIntervalControlerFilter produced 700 samples
2023-11-28 10:03:59,444 INFO o.a.j.r.p.AbstractSampleConsumer: class org.apache.jmeter.report.processor.graph.impl.TotalTPSGraphConsumer#stopProducing(): totalTPS produced 0 samples
2023-11-28 10:03:59,444 INFO o.a.j.r.p.AbstractSampleConsumer: class org.apache.jmeter.report.processor.graph.impl.ActiveThreadsGraphConsumer#stopProducing(): activeThreadsOverTime produced 0 samples
2023-11-28 10:03:59,444 INFO o.a.j.r.p.AbstractSampleConsumer: class org.apache.jmeter.report.processor.graph.impl.TimeVSThreadGraphConsumer#stopProducing(): timeVsThreads produced 0 samples
2023-11-28 10:03:59,444 INFO o.a.j.r.p.AbstractSampleConsumer: class org.apache.jmeter.report.processor.graph.impl.ResponseTimeDistributionGraphConsumer#stopProducing(): responseTimeDistribution produced 0 samples
2023-11-28 10:03:59,444 INFO o.a.j.r.p.AbstractSampleConsumer: class org.apache.jmeter.report.processor.graph.impl.TransactionsPerSecondGraphConsumer#stopProducing(): transactionsPerSecond produced 0 samples
2023-11-28 10:03:59,444 INFO o.a.j.r.p.AbstractSampleConsumer: class org.apache.jmeter.report.processor.graph.impl.ResponseTimePercentilesGraphConsumer#stopProducing(): responseTimePercentiles produced 0 samples
2023-11-28 10:03:59,444 INFO o.a.j.r.p.AbstractSampleConsumer: class org.apache.jmeter.report.processor.graph.impl.ResponseTimePercentilesOverTimeGraphConsumer#stopProducing(): responseTimePercentilesOverTime produced 0 samples
2023-11-28 10:03:59,444 INFO o.a.j.r.p.AbstractSampleConsumer: class org.apache.jmeter.report.processor.graph.impl.ResponseTimeOverTimeGraphConsumer#stopProducing(): responseTimesOverTime produced 0 samples
2023-11-28 10:03:59,444 INFO o.a.j.r.p.AbstractSampleConsumer: class org.apache.jmeter.report.processor.graph.impl.ConnectTimeOverTimeGraphConsumer#stopProducing(): connectTimeOverTime produced 0 samples
2023-11-28 10:03:59,444 INFO o.a.j.r.p.AbstractSampleConsumer: class org.apache.jmeter.report.processor.graph.impl.LatencyOverTimeGraphConsumer#stopProducing(): latenciesOverTime produced 0 samples
2023-11-28 10:03:59,444 INFO o.a.j.r.p.AbstractSampleConsumer: class org.apache.jmeter.report.processor.FilterConsumer#stopProducing(): nameFilter produced 1500 samples
2023-11-28 10:03:59,444 INFO o.a.j.r.p.AbstractSampleConsumer: class org.apache.jmeter.report.processor.FilterConsumer#stopProducing(): dateRangeFilter produced 300 samples
2023-11-28 10:03:59,444 INFO o.a.j.r.p.AbstractSampleConsumer: class org.apache.jmeter.report.processor.NormalizerSampleConsumer#stopProducing(): normalizer produced 100 samples
2023-11-28 10:03:59,444 INFO o.a.j.r.p.CsvFileSampleSource: produce(): 100 samples produced in 203ms on channel 0
2023-11-28 10:03:59,444 INFO o.a.j.r.d.ReportGenerator: Exporting data using exporter:'json' of className:'org.apache.jmeter.report.dashboard.JsonExporter'
2023-11-28 10:03:59,791 INFO o.a.j.r.d.JsonExporter: Found data for consumer statisticsSummary in context
2023-11-28 10:03:59,791 INFO o.a.j.r.d.JsonExporter: Creating statistics for overall
2023-11-28 10:03:59,791 INFO o.a.j.r.d.JsonExporter: Creating statistics for other transactions
2023-11-28 10:03:59,791 INFO o.a.j.r.d.JsonExporter: Checking output folder
2023-11-28 10:03:59,791 INFO o.a.j.r.d.JsonExporter: Writing statistics JSON to C:\Users\Vitalii\Downloads\apache-jmeter-5.6.2\apache-jmeter-5.6.2\TESTS\.\RESULT-100\statistics.json
2023-11-28 10:03:59,900 INFO o.a.j.r.d.ReportGenerator: Exporting data using exporter:'html' of className:'org.apache.jmeter.report.dashboard.HtmlTemplateExporter'
2023-11-28 10:03:59,900 INFO o.a.j.r.d.HtmlTemplateExporter: Will generate dashboard in folder: C:\Users\Vitalii\Downloads\apache-jmeter-5.6.2\apache-jmeter-5.6.2\TESTS\.\RESULT-100
2023-11-28 10:04:00,103 INFO o.a.j.r.d.HtmlTemplateExporter: Report will be generated in: C:\Users\Vitalii\Downloads\apache-jmeter-5.6.2\apache-jmeter-5.6.2\TESTS\.\RESULT-100, creating folder structure
2023-11-28 10:04:00,119 INFO o.a.j.r.d.TemplateVisitor: Copying folder from 'C:\Users\Vitalii\Downloads\apache-jmeter-5.6.2\apache-jmeter-5.6.2\bin\report-template' to 'C:\Users\Vitalii\Downloads\apache-jmeter-5.6.2\apache-jmeter-5.6.2\TESTS\.\RESULT-100', got message: C:\Users\Vitalii\Downloads\apache-jmeter-5.6.2\apache-jmeter-5.6.2\TESTS\.\RESULT-100, found non empty folder with following content [C:\Users\Vitalii\Downloads\apache-jmeter-5.6.2\apache-jmeter-5.6.2\TESTS\.\RESULT-100\statistics.json], will be ignored
2023-11-28 10:04:01,072 INFO o.a.j.JMeter: Dashboard generated
